<?xml version="1.0" encoding="UTF-8"?>
<!-- Generated by org.testng.reporters.JUnitXMLReporter -->
<testsuite ignored="0" hostname="DESKTOP-ETV6F6R" failures="1" tests="1" name="Test" time="63.657" errors="0" timestamp="2024-05-08T04:51:46 GMT-07:00">
  <testcase classname="first.abc" name="test" time="62.662">
    <failure type="java.lang.AssertionError" message="failed bcz the title dint match expected [Googl] but found [Google]">
      <![CDATA[java.lang.AssertionError: failed bcz the title dint match expected [Googl] but found [Google]
at first.abc.test(abc.java:25)
at java.base/java.util.ArrayList.forEach(ArrayList.java:1511)
... Removed 32 stack frames]]>
    </failure>
  </testcase> <!-- test -->
</testsuite> <!-- Test -->
